{
  "contracts\\Escrow.sol": {
    "l": {
      "15": 0,
      "29": 5,
      "30": 5,
      "31": 5,
      "32": 5,
      "33": 5,
      "34": 5,
      "35": 5,
      "36": 5,
      "40": 2,
      "41": 2,
      "42": 2,
      "43": 1,
      "44": 1,
      "45": 1,
      "46": 1,
      "47": 1,
      "48": 1,
      "49": 1,
      "51": 1,
      "55": 3,
      "56": 3,
      "60": 2,
      "61": 2,
      "62": 1,
      "63": 1,
      "64": 1,
      "65": 1,
      "66": 1,
      "67": 1,
      "68": 1,
      "69": 1,
      "70": 1,
      "71": 1,
      "77": 7
    },
    "path": "D:\\Projects\\Escrow\\contracts\\Escrow.sol",
    "s": {
      "1": 0,
      "2": 5,
      "3": 5,
      "4": 5,
      "5": 5,
      "6": 4,
      "7": 5,
      "8": 5,
      "9": 5,
      "10": 5,
      "11": 2,
      "12": 2,
      "13": 2,
      "14": 1,
      "15": 1,
      "16": 1,
      "17": 1,
      "18": 1,
      "19": 1,
      "20": 3,
      "21": 3,
      "22": 2,
      "23": 2,
      "24": 1,
      "25": 1,
      "26": 1,
      "27": 1,
      "28": 1,
      "29": 1,
      "30": 1,
      "31": 7
    },
    "b": {
      "1": [4, 1],
      "2": [1, 1],
      "3": [1, 0],
      "4": [2, 1],
      "5": [1, 1],
      "6": [1, 0],
      "7": [1, 0]
    },
    "f": { "1": 0, "2": 5, "3": 2, "4": 3, "5": 7 },
    "fnMap": {
      "1": {
        "name": null,
        "line": 14,
        "loc": {
          "start": { "line": 14, "column": 2 },
          "end": { "line": 16, "column": 2 }
        }
      },
      "2": {
        "name": "sendEther",
        "line": 28,
        "loc": {
          "start": { "line": 28, "column": 2 },
          "end": { "line": 37, "column": 2 }
        }
      },
      "3": {
        "name": "withdrawEther",
        "line": 39,
        "loc": {
          "start": { "line": 39, "column": 2 },
          "end": { "line": 52, "column": 2 }
        }
      },
      "4": {
        "name": "rollbackEther",
        "line": 54,
        "loc": {
          "start": { "line": 54, "column": 2 },
          "end": { "line": 74, "column": 2 }
        }
      },
      "5": {
        "name": "getBalance",
        "line": 76,
        "loc": {
          "start": { "line": 76, "column": 2 },
          "end": { "line": 78, "column": 2 }
        }
      }
    },
    "statementMap": {
      "1": {
        "start": { "line": 15, "column": 4 },
        "end": { "line": 15, "column": 49 }
      },
      "2": {
        "start": { "line": 29, "column": 4 },
        "end": { "line": 29, "column": 29 }
      },
      "3": {
        "start": { "line": 30, "column": 4 },
        "end": { "line": 30, "column": 29 }
      },
      "4": {
        "start": { "line": 31, "column": 4 },
        "end": { "line": 31, "column": 31 }
      },
      "5": {
        "start": { "line": 32, "column": 4 },
        "end": { "line": 32, "column": 64 }
      },
      "6": {
        "start": { "line": 32, "column": 37 },
        "end": { "line": 32, "column": 63 }
      },
      "7": {
        "start": { "line": 33, "column": 4 },
        "end": { "line": 33, "column": 35 }
      },
      "8": {
        "start": { "line": 34, "column": 4 },
        "end": { "line": 34, "column": 36 }
      },
      "9": {
        "start": { "line": 35, "column": 4 },
        "end": { "line": 35, "column": 35 }
      },
      "10": {
        "start": { "line": 36, "column": 4 },
        "end": { "line": 36, "column": 33 }
      },
      "11": {
        "start": { "line": 40, "column": 4 },
        "end": { "line": 40, "column": 44 }
      },
      "12": {
        "start": { "line": 41, "column": 4 },
        "end": { "line": 41, "column": 40 }
      },
      "13": {
        "start": { "line": 42, "column": 4 },
        "end": { "line": 42, "column": 60 }
      },
      "14": {
        "start": { "line": 43, "column": 4 },
        "end": { "line": 43, "column": 46 }
      },
      "15": {
        "start": { "line": 44, "column": 4 },
        "end": { "line": 44, "column": 40 }
      },
      "16": {
        "start": { "line": 46, "column": 4 },
        "end": { "line": 46, "column": 1477 }
      },
      "17": {
        "start": { "line": 47, "column": 6 },
        "end": { "line": 47, "column": 45 }
      },
      "18": {
        "start": { "line": 48, "column": 6 },
        "end": { "line": 48, "column": 39 }
      },
      "19": {
        "start": { "line": 51, "column": 4 },
        "end": { "line": 51, "column": 40 }
      },
      "20": {
        "start": { "line": 55, "column": 4 },
        "end": { "line": 55, "column": 48 }
      },
      "21": {
        "start": { "line": 56, "column": 4 },
        "end": { "line": 56, "column": 1847 }
      },
      "22": {
        "start": { "line": 60, "column": 4 },
        "end": { "line": 60, "column": 46 }
      },
      "23": {
        "start": { "line": 61, "column": 4 },
        "end": { "line": 61, "column": 46 }
      },
      "24": {
        "start": { "line": 62, "column": 4 },
        "end": { "line": 62, "column": 50 }
      },
      "25": {
        "start": { "line": 63, "column": 4 },
        "end": { "line": 63, "column": 40 }
      },
      "26": {
        "start": { "line": 64, "column": 4 },
        "end": { "line": 64, "column": 32 }
      },
      "27": {
        "start": { "line": 66, "column": 4 },
        "end": { "line": 66, "column": 39 }
      },
      "28": {
        "start": { "line": 67, "column": 4 },
        "end": { "line": 67, "column": 2299 }
      },
      "29": {
        "start": { "line": 68, "column": 6 },
        "end": { "line": 68, "column": 45 }
      },
      "30": {
        "start": { "line": 69, "column": 6 },
        "end": { "line": 69, "column": 2417 }
      },
      "31": {
        "start": { "line": 77, "column": 4 },
        "end": { "line": 77, "column": 32 }
      }
    },
    "branchMap": {
      "1": {
        "line": 32,
        "type": "if",
        "locations": [
          {
            "start": { "line": 32, "column": 4 },
            "end": { "line": 32, "column": 4 }
          },
          {
            "start": { "line": 32, "column": 4 },
            "end": { "line": 32, "column": 4 }
          }
        ]
      },
      "2": {
        "line": 42,
        "type": "if",
        "locations": [
          {
            "start": { "line": 42, "column": 4 },
            "end": { "line": 42, "column": 4 }
          },
          {
            "start": { "line": 42, "column": 4 },
            "end": { "line": 42, "column": 4 }
          }
        ]
      },
      "3": {
        "line": 44,
        "type": "if",
        "locations": [
          {
            "start": { "line": 44, "column": 4 },
            "end": { "line": 44, "column": 4 }
          },
          {
            "start": { "line": 44, "column": 4 },
            "end": { "line": 44, "column": 4 }
          }
        ]
      },
      "4": {
        "line": 56,
        "type": "if",
        "locations": [
          {
            "start": { "line": 56, "column": 4 },
            "end": { "line": 56, "column": 4 }
          },
          {
            "start": { "line": 56, "column": 4 },
            "end": { "line": 56, "column": 4 }
          }
        ]
      },
      "5": {
        "line": 61,
        "type": "if",
        "locations": [
          {
            "start": { "line": 61, "column": 4 },
            "end": { "line": 61, "column": 4 }
          },
          {
            "start": { "line": 61, "column": 4 },
            "end": { "line": 61, "column": 4 }
          }
        ]
      },
      "6": {
        "line": 63,
        "type": "if",
        "locations": [
          {
            "start": { "line": 63, "column": 4 },
            "end": { "line": 63, "column": 4 }
          },
          {
            "start": { "line": 63, "column": 4 },
            "end": { "line": 63, "column": 4 }
          }
        ]
      },
      "7": {
        "line": 69,
        "type": "if",
        "locations": [
          {
            "start": { "line": 69, "column": 6 },
            "end": { "line": 69, "column": 6 }
          },
          {
            "start": { "line": 69, "column": 6 },
            "end": { "line": 69, "column": 6 }
          }
        ]
      }
    }
  }
}
